<?xml version="1.0" encoding="UTF-8"?>
<robot generator="Robot 4.0.3 (Python 3.7.5 on win32)" generated="20210712 18:55:19.572" rpa="true" schemaversion="2">
<suite id="s1" name="Tasks" source="c:\Users\jonej\Robots\Workshop\RobotThatOrders\tasks.robot">
<test id="s1-t1" name="Minimal task">
<kw name="Log" library="BuiltIn">
<arg>Done.</arg>
<doc>Logs the given message with the given level.</doc>
<msg timestamp="20210712 18:55:19.639" level="INFO">Done.</msg>
<status status="PASS" starttime="20210712 18:55:19.638" endtime="20210712 18:55:19.639"/>
</kw>
<status status="PASS" starttime="20210712 18:55:19.637" endtime="20210712 18:55:19.639"/>
</test>
<doc>Template robot main suite.</doc>
<status status="PASS" starttime="20210712 18:55:19.575" endtime="20210712 18:55:19.649"/>
</suite>
<statistics>
<total>
<stat pass="1" fail="0" skip="0">All Tasks</stat>
</total>
<tag>
</tag>
<suite>
<stat pass="1" fail="0" skip="0" id="s1" name="Tasks">Tasks</stat>
</suite>
</statistics>
<errors>
</errors>
</robot>
